<?xml version="1.0" encoding="UTF-8"?>
<!-- Generated by org.testng.reporters.JUnitReportReporter -->
<testsuite hostname="DESKTOP-VA1OVLJ" failures="0" tests="1" name="cucumberOptions.Runner2" time="14.914" errors="0" timestamp="2021-06-15T00:17:51 IST" skipped="0">
  <testcase classname="cucumberOptions.Runner2" name="runScenario" time="14.914"/>
</testsuite> <!-- cucumberOptions.Runner2 -->
