<?xml version="1.0" encoding="UTF-8"?>
<!-- Generated by org.testng.reporters.JUnitReportReporter -->
<testsuite hostname="DESKTOP-VA1OVLJ" failures="0" tests="3" name="cucumberOptions.Runner" time="38.144" errors="0" timestamp="2021-06-12T19:57:58 IST" skipped="0">
  <testcase classname="cucumberOptions.Runner" name="runScenario" time="10.760"/>
  <testcase classname="cucumberOptions.Runner" name="runScenario" time="14.123"/>
  <testcase classname="cucumberOptions.Runner" name="runScenario" time="13.261"/>
</testsuite> <!-- cucumberOptions.Runner -->
