<?xml version="1.0" encoding="UTF-8"?>
<!-- Generated by org.testng.reporters.JUnitReportReporter -->
<testsuite hostname="PUNITP346826L" failures="0" tests="1" name="cucumberOptions.Runner" time="10.163" errors="0" timestamp="2021-06-10T22:12:50 IST" skipped="0">
  <testcase classname="cucumberOptions.Runner" name="runScenario" time="10.163"/>
</testsuite> <!-- cucumberOptions.Runner -->
